2017-10-31 16:53:22,281 - DEBUG - No global extra conf, not calling method YcmCorePreload
2017-10-31 16:53:22,314 - INFO - Received ready request
2017-10-31 16:53:22,328 - INFO - Received event notification
2017-10-31 16:53:22,328 - DEBUG - Event name: BufferVisit
2017-10-31 16:53:22,329 - ERROR - No semantic completer exists for filetypes: ['ruby']
Traceback (most recent call last):
  File "/home/ezra/.vim/plugged/YouCompleteMe/third_party/ycmd/ycmd/../ycmd/server_state.py", line 100, in FiletypeCompletionAvailable
    self.GetFiletypeCompleter( filetypes )
  File "/home/ezra/.vim/plugged/YouCompleteMe/third_party/ycmd/ycmd/../ycmd/server_state.py", line 89, in GetFiletypeCompleter
    current_filetypes ) )
ValueError: No semantic completer exists for filetypes: ['ruby']
2017-10-31 16:53:22,331 - INFO - Received event notification
2017-10-31 16:53:22,331 - DEBUG - Event name: FileReadyToParse
2017-10-31 16:53:22,331 - INFO - Adding buffer identifiers for file: /home/ezra/work/freelance/dsi/dsi/app/controllers/stories_controller.rb
2017-10-31 16:53:22,333 - ERROR - No semantic completer exists for filetypes: ['ruby']
Traceback (most recent call last):
  File "/home/ezra/.vim/plugged/YouCompleteMe/third_party/ycmd/ycmd/../ycmd/server_state.py", line 100, in FiletypeCompletionAvailable
    self.GetFiletypeCompleter( filetypes )
  File "/home/ezra/.vim/plugged/YouCompleteMe/third_party/ycmd/ycmd/../ycmd/server_state.py", line 89, in GetFiletypeCompleter
    current_filetypes ) )
ValueError: No semantic completer exists for filetypes: ['ruby']
2017-10-31 16:53:22,438 - INFO - Received filetype completion available request
2017-10-31 16:53:22,439 - ERROR - No semantic completer exists for filetypes: ['ruby']
Traceback (most recent call last):
  File "/home/ezra/.vim/plugged/YouCompleteMe/third_party/ycmd/ycmd/../ycmd/server_state.py", line 100, in FiletypeCompletionAvailable
    self.GetFiletypeCompleter( filetypes )
  File "/home/ezra/.vim/plugged/YouCompleteMe/third_party/ycmd/ycmd/../ycmd/server_state.py", line 89, in GetFiletypeCompleter
    current_filetypes ) )
ValueError: No semantic completer exists for filetypes: ['ruby']
2017-10-31 16:53:28,797 - INFO - Received completion request
2017-10-31 16:53:28,797 - ERROR - No semantic completer exists for filetypes: ['ruby']
Traceback (most recent call last):
  File "/home/ezra/.vim/plugged/YouCompleteMe/third_party/ycmd/ycmd/../ycmd/server_state.py", line 100, in FiletypeCompletionAvailable
    self.GetFiletypeCompleter( filetypes )
  File "/home/ezra/.vim/plugged/YouCompleteMe/third_party/ycmd/ycmd/../ycmd/server_state.py", line 89, in GetFiletypeCompleter
    current_filetypes ) )
ValueError: No semantic completer exists for filetypes: ['ruby']
2017-10-31 16:53:28,797 - DEBUG - Using filetype completion: False
2017-10-31 16:53:29,009 - INFO - Received completion request
2017-10-31 16:53:29,010 - ERROR - No semantic completer exists for filetypes: ['ruby']
Traceback (most recent call last):
  File "/home/ezra/.vim/plugged/YouCompleteMe/third_party/ycmd/ycmd/../ycmd/server_state.py", line 100, in FiletypeCompletionAvailable
    self.GetFiletypeCompleter( filetypes )
  File "/home/ezra/.vim/plugged/YouCompleteMe/third_party/ycmd/ycmd/../ycmd/server_state.py", line 89, in GetFiletypeCompleter
    current_filetypes ) )
ValueError: No semantic completer exists for filetypes: ['ruby']
2017-10-31 16:53:29,010 - DEBUG - Using filetype completion: False
2017-10-31 16:53:29,394 - INFO - Received event notification
2017-10-31 16:53:29,394 - DEBUG - Event name: FileReadyToParse
2017-10-31 16:53:29,395 - INFO - Adding buffer identifiers for file: /home/ezra/work/freelance/dsi/dsi/app/controllers/stories_controller.rb
2017-10-31 16:53:29,397 - ERROR - No semantic completer exists for filetypes: ['ruby']
Traceback (most recent call last):
  File "/home/ezra/.vim/plugged/YouCompleteMe/third_party/ycmd/ycmd/../ycmd/server_state.py", line 100, in FiletypeCompletionAvailable
    self.GetFiletypeCompleter( filetypes )
  File "/home/ezra/.vim/plugged/YouCompleteMe/third_party/ycmd/ycmd/../ycmd/server_state.py", line 89, in GetFiletypeCompleter
    current_filetypes ) )
ValueError: No semantic completer exists for filetypes: ['ruby']
2017-10-31 16:53:29,402 - INFO - Received event notification
2017-10-31 16:53:29,402 - DEBUG - Event name: InsertLeave
2017-10-31 16:53:29,403 - ERROR - No semantic completer exists for filetypes: ['ruby']
Traceback (most recent call last):
  File "/home/ezra/.vim/plugged/YouCompleteMe/third_party/ycmd/ycmd/../ycmd/server_state.py", line 100, in FiletypeCompletionAvailable
    self.GetFiletypeCompleter( filetypes )
  File "/home/ezra/.vim/plugged/YouCompleteMe/third_party/ycmd/ycmd/../ycmd/server_state.py", line 89, in GetFiletypeCompleter
    current_filetypes ) )
ValueError: No semantic completer exists for filetypes: ['ruby']
2017-10-31 16:53:38,169 - INFO - Received completion request
2017-10-31 16:53:38,169 - ERROR - No semantic completer exists for filetypes: ['ruby']
Traceback (most recent call last):
  File "/home/ezra/.vim/plugged/YouCompleteMe/third_party/ycmd/ycmd/../ycmd/server_state.py", line 100, in FiletypeCompletionAvailable
    self.GetFiletypeCompleter( filetypes )
  File "/home/ezra/.vim/plugged/YouCompleteMe/third_party/ycmd/ycmd/../ycmd/server_state.py", line 89, in GetFiletypeCompleter
    current_filetypes ) )
ValueError: No semantic completer exists for filetypes: ['ruby']
2017-10-31 16:53:38,169 - DEBUG - Using filetype completion: False
2017-10-31 16:53:38,288 - INFO - Received event notification
2017-10-31 16:53:38,289 - DEBUG - Event name: CurrentIdentifierFinished
2017-10-31 16:53:38,290 - INFO - Adding ONE buffer identifier for file: /home/ezra/work/freelance/dsi/dsi/app/controllers/stories_controller.rb
2017-10-31 16:53:38,290 - ERROR - No semantic completer exists for filetypes: ['ruby']
Traceback (most recent call last):
  File "/home/ezra/.vim/plugged/YouCompleteMe/third_party/ycmd/ycmd/../ycmd/server_state.py", line 100, in FiletypeCompletionAvailable
    self.GetFiletypeCompleter( filetypes )
  File "/home/ezra/.vim/plugged/YouCompleteMe/third_party/ycmd/ycmd/../ycmd/server_state.py", line 89, in GetFiletypeCompleter
    current_filetypes ) )
ValueError: No semantic completer exists for filetypes: ['ruby']
2017-10-31 16:53:38,301 - INFO - Received completion request
2017-10-31 16:53:38,301 - ERROR - No semantic completer exists for filetypes: ['ruby']
Traceback (most recent call last):
  File "/home/ezra/.vim/plugged/YouCompleteMe/third_party/ycmd/ycmd/../ycmd/server_state.py", line 100, in FiletypeCompletionAvailable
    self.GetFiletypeCompleter( filetypes )
  File "/home/ezra/.vim/plugged/YouCompleteMe/third_party/ycmd/ycmd/../ycmd/server_state.py", line 89, in GetFiletypeCompleter
    current_filetypes ) )
ValueError: No semantic completer exists for filetypes: ['ruby']
2017-10-31 16:53:38,302 - DEBUG - Using filetype completion: False
2017-10-31 16:53:38,912 - INFO - Received completion request
2017-10-31 16:53:38,912 - ERROR - No semantic completer exists for filetypes: ['ruby']
Traceback (most recent call last):
  File "/home/ezra/.vim/plugged/YouCompleteMe/third_party/ycmd/ycmd/../ycmd/server_state.py", line 100, in FiletypeCompletionAvailable
    self.GetFiletypeCompleter( filetypes )
  File "/home/ezra/.vim/plugged/YouCompleteMe/third_party/ycmd/ycmd/../ycmd/server_state.py", line 89, in GetFiletypeCompleter
    current_filetypes ) )
ValueError: No semantic completer exists for filetypes: ['ruby']
2017-10-31 16:53:38,913 - DEBUG - Using filetype completion: False
2017-10-31 16:53:39,224 - INFO - Received completion request
2017-10-31 16:53:39,225 - ERROR - No semantic completer exists for filetypes: ['ruby']
Traceback (most recent call last):
  File "/home/ezra/.vim/plugged/YouCompleteMe/third_party/ycmd/ycmd/../ycmd/server_state.py", line 100, in FiletypeCompletionAvailable
    self.GetFiletypeCompleter( filetypes )
  File "/home/ezra/.vim/plugged/YouCompleteMe/third_party/ycmd/ycmd/../ycmd/server_state.py", line 89, in GetFiletypeCompleter
    current_filetypes ) )
ValueError: No semantic completer exists for filetypes: ['ruby']
2017-10-31 16:53:39,225 - DEBUG - Using filetype completion: False
2017-10-31 16:53:40,212 - INFO - Received completion request
2017-10-31 16:53:40,213 - ERROR - No semantic completer exists for filetypes: ['ruby']
Traceback (most recent call last):
  File "/home/ezra/.vim/plugged/YouCompleteMe/third_party/ycmd/ycmd/../ycmd/server_state.py", line 100, in FiletypeCompletionAvailable
    self.GetFiletypeCompleter( filetypes )
  File "/home/ezra/.vim/plugged/YouCompleteMe/third_party/ycmd/ycmd/../ycmd/server_state.py", line 89, in GetFiletypeCompleter
    current_filetypes ) )
ValueError: No semantic completer exists for filetypes: ['ruby']
2017-10-31 16:53:40,213 - DEBUG - Using filetype completion: False
2017-10-31 16:53:40,366 - INFO - Received event notification
2017-10-31 16:53:40,367 - DEBUG - Event name: CurrentIdentifierFinished
2017-10-31 16:53:40,368 - INFO - Adding ONE buffer identifier for file: /home/ezra/work/freelance/dsi/dsi/app/controllers/stories_controller.rb
2017-10-31 16:53:40,368 - ERROR - No semantic completer exists for filetypes: ['ruby']
Traceback (most recent call last):
  File "/home/ezra/.vim/plugged/YouCompleteMe/third_party/ycmd/ycmd/../ycmd/server_state.py", line 100, in FiletypeCompletionAvailable
    self.GetFiletypeCompleter( filetypes )
  File "/home/ezra/.vim/plugged/YouCompleteMe/third_party/ycmd/ycmd/../ycmd/server_state.py", line 89, in GetFiletypeCompleter
    current_filetypes ) )
ValueError: No semantic completer exists for filetypes: ['ruby']
2017-10-31 16:53:40,379 - INFO - Received completion request
2017-10-31 16:53:40,379 - ERROR - No semantic completer exists for filetypes: ['ruby']
Traceback (most recent call last):
  File "/home/ezra/.vim/plugged/YouCompleteMe/third_party/ycmd/ycmd/../ycmd/server_state.py", line 100, in FiletypeCompletionAvailable
    self.GetFiletypeCompleter( filetypes )
  File "/home/ezra/.vim/plugged/YouCompleteMe/third_party/ycmd/ycmd/../ycmd/server_state.py", line 89, in GetFiletypeCompleter
    current_filetypes ) )
ValueError: No semantic completer exists for filetypes: ['ruby']
2017-10-31 16:53:40,379 - DEBUG - Using filetype completion: False
2017-10-31 16:53:40,984 - INFO - Received completion request
2017-10-31 16:53:40,984 - ERROR - No semantic completer exists for filetypes: ['ruby']
Traceback (most recent call last):
  File "/home/ezra/.vim/plugged/YouCompleteMe/third_party/ycmd/ycmd/../ycmd/server_state.py", line 100, in FiletypeCompletionAvailable
    self.GetFiletypeCompleter( filetypes )
  File "/home/ezra/.vim/plugged/YouCompleteMe/third_party/ycmd/ycmd/../ycmd/server_state.py", line 89, in GetFiletypeCompleter
    current_filetypes ) )
ValueError: No semantic completer exists for filetypes: ['ruby']
2017-10-31 16:53:40,985 - DEBUG - Using filetype completion: False
2017-10-31 16:53:41,234 - INFO - Received completion request
2017-10-31 16:53:41,234 - ERROR - No semantic completer exists for filetypes: ['ruby']
Traceback (most recent call last):
  File "/home/ezra/.vim/plugged/YouCompleteMe/third_party/ycmd/ycmd/../ycmd/server_state.py", line 100, in FiletypeCompletionAvailable
    self.GetFiletypeCompleter( filetypes )
  File "/home/ezra/.vim/plugged/YouCompleteMe/third_party/ycmd/ycmd/../ycmd/server_state.py", line 89, in GetFiletypeCompleter
    current_filetypes ) )
ValueError: No semantic completer exists for filetypes: ['ruby']
2017-10-31 16:53:41,235 - DEBUG - Using filetype completion: False
2017-10-31 16:53:41,678 - INFO - Received event notification
2017-10-31 16:53:41,678 - DEBUG - Event name: FileReadyToParse
2017-10-31 16:53:41,679 - INFO - Adding buffer identifiers for file: /home/ezra/work/freelance/dsi/dsi/app/controllers/stories_controller.rb
2017-10-31 16:53:41,681 - ERROR - No semantic completer exists for filetypes: ['ruby']
Traceback (most recent call last):
  File "/home/ezra/.vim/plugged/YouCompleteMe/third_party/ycmd/ycmd/../ycmd/server_state.py", line 100, in FiletypeCompletionAvailable
    self.GetFiletypeCompleter( filetypes )
  File "/home/ezra/.vim/plugged/YouCompleteMe/third_party/ycmd/ycmd/../ycmd/server_state.py", line 89, in GetFiletypeCompleter
    current_filetypes ) )
ValueError: No semantic completer exists for filetypes: ['ruby']
2017-10-31 16:53:41,684 - INFO - Received event notification
2017-10-31 16:53:41,685 - DEBUG - Event name: InsertLeave
2017-10-31 16:53:41,686 - ERROR - No semantic completer exists for filetypes: ['ruby']
Traceback (most recent call last):
  File "/home/ezra/.vim/plugged/YouCompleteMe/third_party/ycmd/ycmd/../ycmd/server_state.py", line 100, in FiletypeCompletionAvailable
    self.GetFiletypeCompleter( filetypes )
  File "/home/ezra/.vim/plugged/YouCompleteMe/third_party/ycmd/ycmd/../ycmd/server_state.py", line 89, in GetFiletypeCompleter
    current_filetypes ) )
ValueError: No semantic completer exists for filetypes: ['ruby']
2017-10-31 16:53:44,267 - INFO - Received completion request
2017-10-31 16:53:44,267 - ERROR - No semantic completer exists for filetypes: ['ruby']
Traceback (most recent call last):
  File "/home/ezra/.vim/plugged/YouCompleteMe/third_party/ycmd/ycmd/../ycmd/server_state.py", line 100, in FiletypeCompletionAvailable
    self.GetFiletypeCompleter( filetypes )
  File "/home/ezra/.vim/plugged/YouCompleteMe/third_party/ycmd/ycmd/../ycmd/server_state.py", line 89, in GetFiletypeCompleter
    current_filetypes ) )
ValueError: No semantic completer exists for filetypes: ['ruby']
2017-10-31 16:53:44,268 - DEBUG - Using filetype completion: False
2017-10-31 16:53:44,330 - INFO - Received event notification
2017-10-31 16:53:44,330 - DEBUG - Event name: CurrentIdentifierFinished
2017-10-31 16:53:44,331 - INFO - Adding ONE buffer identifier for file: /home/ezra/work/freelance/dsi/dsi/app/controllers/stories_controller.rb
2017-10-31 16:53:44,331 - ERROR - No semantic completer exists for filetypes: ['ruby']
Traceback (most recent call last):
  File "/home/ezra/.vim/plugged/YouCompleteMe/third_party/ycmd/ycmd/../ycmd/server_state.py", line 100, in FiletypeCompletionAvailable
    self.GetFiletypeCompleter( filetypes )
  File "/home/ezra/.vim/plugged/YouCompleteMe/third_party/ycmd/ycmd/../ycmd/server_state.py", line 89, in GetFiletypeCompleter
    current_filetypes ) )
ValueError: No semantic completer exists for filetypes: ['ruby']
2017-10-31 16:53:44,338 - INFO - Received completion request
2017-10-31 16:53:44,338 - ERROR - No semantic completer exists for filetypes: ['ruby']
Traceback (most recent call last):
  File "/home/ezra/.vim/plugged/YouCompleteMe/third_party/ycmd/ycmd/../ycmd/server_state.py", line 100, in FiletypeCompletionAvailable
    self.GetFiletypeCompleter( filetypes )
  File "/home/ezra/.vim/plugged/YouCompleteMe/third_party/ycmd/ycmd/../ycmd/server_state.py", line 89, in GetFiletypeCompleter
    current_filetypes ) )
ValueError: No semantic completer exists for filetypes: ['ruby']
2017-10-31 16:53:44,339 - DEBUG - Using filetype completion: False
2017-10-31 16:53:44,535 - INFO - Received completion request
2017-10-31 16:53:44,535 - ERROR - No semantic completer exists for filetypes: ['ruby']
Traceback (most recent call last):
  File "/home/ezra/.vim/plugged/YouCompleteMe/third_party/ycmd/ycmd/../ycmd/server_state.py", line 100, in FiletypeCompletionAvailable
    self.GetFiletypeCompleter( filetypes )
  File "/home/ezra/.vim/plugged/YouCompleteMe/third_party/ycmd/ycmd/../ycmd/server_state.py", line 89, in GetFiletypeCompleter
    current_filetypes ) )
ValueError: No semantic completer exists for filetypes: ['ruby']
2017-10-31 16:53:44,536 - DEBUG - Using filetype completion: False
2017-10-31 16:53:44,736 - INFO - Received completion request
2017-10-31 16:53:44,736 - ERROR - No semantic completer exists for filetypes: ['ruby']
Traceback (most recent call last):
  File "/home/ezra/.vim/plugged/YouCompleteMe/third_party/ycmd/ycmd/../ycmd/server_state.py", line 100, in FiletypeCompletionAvailable
    self.GetFiletypeCompleter( filetypes )
  File "/home/ezra/.vim/plugged/YouCompleteMe/third_party/ycmd/ycmd/../ycmd/server_state.py", line 89, in GetFiletypeCompleter
    current_filetypes ) )
ValueError: No semantic completer exists for filetypes: ['ruby']
2017-10-31 16:53:44,737 - DEBUG - Using filetype completion: False
2017-10-31 16:53:45,142 - INFO - Received event notification
2017-10-31 16:53:45,143 - DEBUG - Event name: FileReadyToParse
2017-10-31 16:53:45,143 - INFO - Adding buffer identifiers for file: /home/ezra/work/freelance/dsi/dsi/app/controllers/stories_controller.rb
2017-10-31 16:53:45,146 - ERROR - No semantic completer exists for filetypes: ['ruby']
Traceback (most recent call last):
  File "/home/ezra/.vim/plugged/YouCompleteMe/third_party/ycmd/ycmd/../ycmd/server_state.py", line 100, in FiletypeCompletionAvailable
    self.GetFiletypeCompleter( filetypes )
  File "/home/ezra/.vim/plugged/YouCompleteMe/third_party/ycmd/ycmd/../ycmd/server_state.py", line 89, in GetFiletypeCompleter
    current_filetypes ) )
ValueError: No semantic completer exists for filetypes: ['ruby']
2017-10-31 16:53:45,149 - INFO - Received event notification
2017-10-31 16:53:45,150 - DEBUG - Event name: InsertLeave
2017-10-31 16:53:45,150 - ERROR - No semantic completer exists for filetypes: ['ruby']
Traceback (most recent call last):
  File "/home/ezra/.vim/plugged/YouCompleteMe/third_party/ycmd/ycmd/../ycmd/server_state.py", line 100, in FiletypeCompletionAvailable
    self.GetFiletypeCompleter( filetypes )
  File "/home/ezra/.vim/plugged/YouCompleteMe/third_party/ycmd/ycmd/../ycmd/server_state.py", line 89, in GetFiletypeCompleter
    current_filetypes ) )
ValueError: No semantic completer exists for filetypes: ['ruby']
2017-10-31 16:54:18,009 - INFO - Received event notification
2017-10-31 16:54:18,010 - DEBUG - Event name: BufferUnload
2017-10-31 16:54:18,010 - ERROR - No semantic completer exists for filetypes: ['ruby']
Traceback (most recent call last):
  File "/home/ezra/.vim/plugged/YouCompleteMe/third_party/ycmd/ycmd/../ycmd/server_state.py", line 100, in FiletypeCompletionAvailable
    self.GetFiletypeCompleter( filetypes )
  File "/home/ezra/.vim/plugged/YouCompleteMe/third_party/ycmd/ycmd/../ycmd/server_state.py", line 89, in GetFiletypeCompleter
    current_filetypes ) )
ValueError: No semantic completer exists for filetypes: ['ruby']
2017-10-31 16:54:18,016 - INFO - Received shutdown request
2017-10-31 16:54:18,122 - DEBUG - No global extra conf, not calling method VimClose
2017-10-31 16:54:18,122 - DEBUG - No global extra conf, not calling method Shutdown
